New Order:
 ~ (0.000006) SET sql_auto_is_null = 0
 ~ (0.000002) SET SESSION sql_mode = 'ANSI,NO_BACKSLASH_ESCAPES,NO_DIR_IN_CREATE,NO_ENGINE_SUBSTITUTION,NO_UNSIGNED_SUBTRACTION,TRADITIONAL'
 ~ (0.000002) SELECT COUNT(*) FROM `warehouses`
 ~ (0.000004) SELECT `id`, `name`, `street1`, `street2`, `city`, `state`, `zip`, `tax`, `ytd` FROM `warehouses` ORDER BY `id` LIMIT 1
 ~ (0.000004) SELECT COUNT(*) FROM `districts` WHERE `warehouse_id` = 1
 ~ (0.000002) SELECT `id`, `name`, `street1`, `street2`, `city`, `state`, `zip`, `tax`, `ytd`, `next_order_number`, `warehouse_id` FROM `districts` WHERE `warehouse_id` = 1 ORDER BY `id` LIMIT 1 OFFSET 5
 ~ (0.000006) SELECT COUNT(*) FROM `customers` WHERE `district_id` = 6
 ~ (0.000004) SELECT `id`, `first`, `middle`, `last`, `street1`, `street2`, `city`, `state`, `zip`, `phone`, `since`, `credit`, `credit_limit`, `discount`, `balance`, `ytd_payments`, `payment_count`, `delivery_count`, `data`, `district_id` FROM `customers` WHERE `district_id` = 6 ORDER BY `id` LIMIT 1 OFFSET 1254
 ~ (0.000003) SELECT `id`, `image_id`, `name`, `price`, `data` FROM `items` WHERE `id` = 14278 ORDER BY `id` LIMIT 1
 ~ (0.000004) SELECT `id`, `quantity`, `district_01`, `district_02`, `district_03`, `district_04`, `district_05`, `district_06`, `district_07`, `district_08`, `district_09`, `district_10`, `ytd`, `order_count`, `remote_count`, `data`, `item_id` FROM `stocks` WHERE (`warehouse_id` = 1 AND `item_id` = 14278) ORDER BY `id` LIMIT 1
 ~ (0.000004) SELECT `id`, `warehouse_id` FROM `stocks` WHERE `id` = 14278 ORDER BY `id`
 ~ (0.000002) UPDATE `stocks` SET `quantity` = 34, `ytd` = 5, `order_count` = 1 WHERE `id` = 14278
 ~ (0.000004) SELECT `id`, `image_id`, `name`, `price`, `data` FROM `items` WHERE `id` = 30785 ORDER BY `id` LIMIT 1
 ~ (0.000003) SELECT `id`, `quantity`, `district_01`, `district_02`, `district_03`, `district_04`, `district_05`, `district_06`, `district_07`, `district_08`, `district_09`, `district_10`, `ytd`, `order_count`, `remote_count`, `data`, `item_id`, `warehouse_id` FROM `stocks` WHERE (`item_id` = 30785 AND `warehouse_id` = 1) ORDER BY `id` LIMIT 1
 ~ (0.000003) UPDATE `stocks` SET `quantity` = 67, `ytd` = 10, `order_count` = 1 WHERE `id` = 30785
 ~ (0.000002) SELECT `id`, `image_id`, `name`, `price`, `data` FROM `items` WHERE `id` = 20437 ORDER BY `id` LIMIT 1
 ~ (0.000003) SELECT `id`, `quantity`, `district_01`, `district_02`, `district_03`, `district_04`, `district_05`, `district_06`, `district_07`, `district_08`, `district_09`, `district_10`, `ytd`, `order_count`, `remote_count`, `data`, `item_id`, `warehouse_id` FROM `stocks` WHERE (`warehouse_id` = 1 AND `item_id` = 20437) ORDER BY `id` LIMIT 1
 ~ (0.000003) UPDATE `stocks` SET `quantity` = 96, `ytd` = 3, `order_count` = 1 WHERE `id` = 20437
 ~ (0.000003) SELECT `id`, `image_id`, `name`, `price`, `data` FROM `items` WHERE `id` = 86578 ORDER BY `id` LIMIT 1
 ~ (0.000003) SELECT `id`, `quantity`, `district_01`, `district_02`, `district_03`, `district_04`, `district_05`, `district_06`, `district_07`, `district_08`, `district_09`, `district_10`, `ytd`, `order_count`, `remote_count`, `data`, `item_id`, `warehouse_id` FROM `stocks` WHERE (`warehouse_id` = 1 AND `item_id` = 86578) ORDER BY `id` LIMIT 1
 ~ (0.000003) UPDATE `stocks` SET `quantity` = 94, `ytd` = 10, `order_count` = 1 WHERE `id` = 86578
 ~ (0.000007) SELECT `id`, `image_id`, `name`, `price`, `data` FROM `items` WHERE `id` = 14326 ORDER BY `id` LIMIT 1
 ~ (0.000004) SELECT `id`, `quantity`, `district_01`, `district_02`, `district_03`, `district_04`, `district_05`, `district_06`, `district_07`, `district_08`, `district_09`, `district_10`, `ytd`, `order_count`, `remote_count`, `data`, `item_id`, `warehouse_id` FROM `stocks` WHERE (`warehouse_id` = 1 AND `item_id` = 14326) ORDER BY `id` LIMIT 1
 ~ (0.000003) UPDATE `stocks` SET `quantity` = 22, `ytd` = 10, `order_count` = 1 WHERE `id` = 14326
 ~ (0.000003) SELECT `id`, `image_id`, `name`, `price`, `data` FROM `items` WHERE `id` = 32332 ORDER BY `id` LIMIT 1
 ~ (0.000003) SELECT `id`, `quantity`, `district_01`, `district_02`, `district_03`, `district_04`, `district_05`, `district_06`, `district_07`, `district_08`, `district_09`, `district_10`, `ytd`, `order_count`, `remote_count`, `data`, `item_id`, `warehouse_id` FROM `stocks` WHERE (`warehouse_id` = 1 AND `item_id` = 32332) ORDER BY `id` LIMIT 1
 ~ (0.000007) UPDATE `stocks` SET `quantity` = 85, `ytd` = 10, `order_count` = 1 WHERE `id` = 32332
 ~ (0.000002) SELECT `id`, `image_id`, `name`, `price`, `data` FROM `items` WHERE `id` = 87646 ORDER BY `id` LIMIT 1
 ~ (0.000006) SELECT `id`, `quantity`, `district_01`, `district_02`, `district_03`, `district_04`, `district_05`, `district_06`, `district_07`, `district_08`, `district_09`, `district_10`, `ytd`, `order_count`, `remote_count`, `data`, `item_id`, `warehouse_id` FROM `stocks` WHERE (`warehouse_id` = 1 AND `item_id` = 87646) ORDER BY `id` LIMIT 1
 ~ (0.000003) UPDATE `stocks` SET `quantity` = 43, `ytd` = 4, `order_count` = 1 WHERE `id` = 87646
 ~ (0.000003) SELECT `id`, `image_id`, `name`, `price`, `data` FROM `items` WHERE `id` = 17682 ORDER BY `id` LIMIT 1
 ~ (0.000004) SELECT `id`, `quantity`, `district_01`, `district_02`, `district_03`, `district_04`, `district_05`, `district_06`, `district_07`, `district_08`, `district_09`, `district_10`, `ytd`, `order_count`, `remote_count`, `data`, `item_id`, `warehouse_id` FROM `stocks` WHERE (`warehouse_id` = 1 AND `item_id` = 17682) ORDER BY `id` LIMIT 1
 ~ (0.000009) UPDATE `stocks` SET `quantity` = 44, `ytd` = 9, `order_count` = 1 WHERE `id` = 17682
 ~ (0.000004) SELECT `id`, `image_id`, `name`, `price`, `data` FROM `items` WHERE `id` = 38901 ORDER BY `id` LIMIT 1
 ~ (0.000004) SELECT `id`, `quantity`, `district_01`, `district_02`, `district_03`, `district_04`, `district_05`, `district_06`, `district_07`, `district_08`, `district_09`, `district_10`, `ytd`, `order_count`, `remote_count`, `data`, `item_id`, `warehouse_id` FROM `stocks` WHERE (`warehouse_id` = 1 AND `item_id` = 38901) ORDER BY `id` LIMIT 1
 ~ (0.000004) UPDATE `stocks` SET `quantity` = 65, `ytd` = 1, `order_count` = 1 WHERE `id` = 38901
 ~ (0.000004) INSERT INTO `orders` (`created`, `line_count`, `all_local`) VALUES ('2009-12-08 21:13:20', 9, 1)
 ~ (0.000004) INSERT INTO `order_lines` (`number`, `supply_warehouse_id`, `quantity`, `order_id`) VALUES (0, 1, 5, 30025)
 ~ (0.000003) INSERT INTO `order_lines` (`number`, `supply_warehouse_id`, `quantity`, `order_id`) VALUES (1, 1, 10, 30025)
 ~ (0.000003) INSERT INTO `order_lines` (`number`, `supply_warehouse_id`, `quantity`, `order_id`) VALUES (2, 1, 3, 30025)
 ~ (0.000003) INSERT INTO `order_lines` (`number`, `supply_warehouse_id`, `quantity`, `order_id`) VALUES (3, 1, 10, 30025)
 ~ (0.000005) INSERT INTO `order_lines` (`number`, `supply_warehouse_id`, `quantity`, `order_id`) VALUES (4, 1, 10, 30025)
 ~ (0.000003) INSERT INTO `order_lines` (`number`, `supply_warehouse_id`, `quantity`, `order_id`) VALUES (5, 1, 10, 30025)
 ~ (0.000003) INSERT INTO `order_lines` (`number`, `supply_warehouse_id`, `quantity`, `order_id`) VALUES (6, 1, 4, 30025)
 ~ (0.000003) INSERT INTO `order_lines` (`number`, `supply_warehouse_id`, `quantity`, `order_id`) VALUES (7, 1, 9, 30025)
 ~ (0.000002) INSERT INTO `order_lines` (`number`, `supply_warehouse_id`, `quantity`, `order_id`) VALUES (8, 1, 1, 30025)
 ~ (0.000003) INSERT INTO `new_orders` (`order_id`) VALUES (30025)
Payment:
 ~ (0.000003) SELECT COUNT(*) FROM `warehouses`
 ~ (0.000006) SELECT `id`, `name`, `street1`, `street2`, `city`, `state`, `zip`, `tax`, `ytd` FROM `warehouses` ORDER BY `id` LIMIT 1
 ~ (0.000002) SELECT COUNT(*) FROM `districts` WHERE `warehouse_id` = 1
 ~ (0.000002) SELECT `id`, `name`, `street1`, `street2`, `city`, `state`, `zip`, `tax`, `ytd`, `next_order_number`, `warehouse_id` FROM `districts` WHERE `warehouse_id` = 1 ORDER BY `id` LIMIT 1 OFFSET 9
 ~ (0.000005) SELECT COUNT(*) FROM `customers` WHERE `district_id` = 10
 ~ (0.000003) SELECT `id`, `first`, `middle`, `last`, `street1`, `street2`, `city`, `state`, `zip`, `phone`, `since`, `credit`, `credit_limit`, `discount`, `balance`, `ytd_payments`, `payment_count`, `delivery_count`, `data`, `district_id` FROM `customers` WHERE `district_id` = 10 ORDER BY `id` LIMIT 1 OFFSET 1774
 ~ (0.000003) UPDATE `warehouses` SET `ytd` = 357227.0 WHERE `id` = 1
 ~ (0.000002) UPDATE `districts` SET `ytd` = 38615.0 WHERE `id` = 10
 ~ (0.000003) UPDATE `customers` SET `balance` = -4700.0, `ytd_payments` = 4700.0, `payment_count` = 2 WHERE `id` = 28775
Order Status:
 ~ (0.000004) SELECT COUNT(*) FROM `warehouses`
 ~ (0.000002) SELECT `id`, `name`, `street1`, `street2`, `city`, `state`, `zip`, `tax`, `ytd` FROM `warehouses` ORDER BY `id` LIMIT 1
 ~ (0.000003) SELECT COUNT(*) FROM `districts` WHERE `warehouse_id` = 1
 ~ (0.000002) SELECT `id`, `name`, `street1`, `street2`, `city`, `state`, `zip`, `tax`, `ytd`, `next_order_number`, `warehouse_id` FROM `districts` WHERE `warehouse_id` = 1 ORDER BY `id` LIMIT 1 OFFSET 8
 ~ (0.000004) SELECT COUNT(*) FROM `customers` WHERE `district_id` = 9
 ~ (0.000002) SELECT `id`, `first`, `middle`, `last`, `street1`, `street2`, `city`, `state`, `zip`, `phone`, `since`, `credit`, `credit_limit`, `discount`, `balance`, `ytd_payments`, `payment_count`, `delivery_count`, `data`, `district_id` FROM `customers` WHERE `district_id` = 9 ORDER BY `id` LIMIT 1 OFFSET 1626
 ~ (0.000004) SELECT `id`, `created`, `carrier`, `line_count`, `all_local`, `district_info`, `warehouse_id`, `district_id`, `customer_id` FROM `orders` WHERE `customer_id` = 25627 ORDER BY `created` DESC LIMIT 1
 ~ (0.000003) SELECT `id`, `number`, `item_code`, `supply_warehouse_id`, `delivery_date`, `quantity`, `amount`, `district_information`, `order_id`, `warehouse_id`, `district_id`, `stock_id` FROM `order_lines` WHERE `order_id` = 25627 ORDER BY `id`
Delivery: 
 ~ (0.000006) SELECT COUNT(*) FROM `warehouses`
 ~ (0.000004) SELECT `id`, `name`, `street1`, `street2`, `city`, `state`, `zip`, `tax`, `ytd` FROM `warehouses` ORDER BY `id` LIMIT 1
 ~ (0.000003) SELECT `id`, `name`, `street1`, `street2`, `city`, `state`, `zip`, `tax`, `ytd`, `next_order_number`, `warehouse_id` FROM `districts` WHERE `warehouse_id` = 1 ORDER BY `id`
 ~ (0.000010) SELECT `id`, `warehouse_id`, `district_id`, `order_id` FROM `new_orders` WHERE `district_id` = 1 ORDER BY `id` LIMIT 1
 ~ (0.000004) SELECT `id`, `created`, `carrier`, `line_count`, `all_local`, `district_info`, `warehouse_id`, `district_id`, `customer_id` FROM `orders` WHERE `id` = 10 ORDER BY `id` LIMIT 1
 ~ (0.000002) DELETE FROM `new_orders` WHERE `id` = 3
 ~ (0.000003) SELECT `id`, `number`, `item_code`, `supply_warehouse_id`, `delivery_date`, `quantity`, `amount`, `district_information`, `order_id`, `warehouse_id`, `district_id`, `stock_id` FROM `order_lines` WHERE `order_id` = 10 ORDER BY `id`
 ~ (0.000003) UPDATE `orders` SET `carrier` = 7 WHERE `id` = 10
 ~ (0.000003) UPDATE `order_lines` SET `delivery_date` = '2009-12-08 21:13:20' WHERE `id` = 299901
 ~ (0.000004) UPDATE `order_lines` SET `delivery_date` = '2009-12-08 21:13:20' WHERE `id` = 299902
 ~ (0.000004) UPDATE `order_lines` SET `delivery_date` = '2009-12-08 21:13:20' WHERE `id` = 299903
 ~ (0.000003) UPDATE `order_lines` SET `delivery_date` = '2009-12-08 21:13:20' WHERE `id` = 299904
 ~ (0.000004) UPDATE `order_lines` SET `delivery_date` = '2009-12-08 21:13:20' WHERE `id` = 299905
 ~ (0.000003) UPDATE `order_lines` SET `delivery_date` = '2009-12-08 21:13:20' WHERE `id` = 299906
 ~ (0.000004) UPDATE `order_lines` SET `delivery_date` = '2009-12-08 21:13:20' WHERE `id` = 299907
 ~ (0.000003) UPDATE `order_lines` SET `delivery_date` = '2009-12-08 21:13:20' WHERE `id` = 299908
 ~ (0.000003) UPDATE `order_lines` SET `delivery_date` = '2009-12-08 21:13:20' WHERE `id` = 299909
 ~ (0.000003) UPDATE `order_lines` SET `delivery_date` = '2009-12-08 21:13:20' WHERE `id` = 299910
 ~ (0.000003) SELECT `id`, `first`, `middle`, `last`, `street1`, `street2`, `city`, `state`, `zip`, `phone`, `since`, `credit`, `credit_limit`, `discount`, `balance`, `ytd_payments`, `payment_count`, `delivery_count`, `data`, `district_id` FROM `customers` WHERE `id` = 10 ORDER BY `id` LIMIT 1
 ~ (0.000003) UPDATE `customers` SET `delivery_count` = 1 WHERE `id` = 10
 ~ (0.000003) SELECT `id`, `warehouse_id`, `district_id`, `order_id` FROM `new_orders` WHERE `district_id` = 2 ORDER BY `id` LIMIT 1
 ~ (0.000002) SELECT `id`, `created`, `carrier`, `line_count`, `all_local`, `district_info`, `warehouse_id`, `district_id`, `customer_id` FROM `orders` WHERE `id` = 3003 ORDER BY `id` LIMIT 1
 ~ (0.000002) DELETE FROM `new_orders` WHERE `id` = 1513
 ~ (0.000004) SELECT `id`, `number`, `item_code`, `supply_warehouse_id`, `delivery_date`, `quantity`, `amount`, `district_information`, `order_id`, `warehouse_id`, `district_id`, `stock_id` FROM `order_lines` WHERE `order_id` = 3003 ORDER BY `id`
 ~ (0.000003) UPDATE `orders` SET `carrier` = 7 WHERE `id` = 3003
 ~ (0.000004) UPDATE `order_lines` SET `delivery_date` = '2009-12-08 21:13:20' WHERE `id` = 269971
 ~ (0.000003) UPDATE `order_lines` SET `delivery_date` = '2009-12-08 21:13:20' WHERE `id` = 269972
 ~ (0.000003) UPDATE `order_lines` SET `delivery_date` = '2009-12-08 21:13:20' WHERE `id` = 269973
 ~ (0.000003) UPDATE `order_lines` SET `delivery_date` = '2009-12-08 21:13:20' WHERE `id` = 269974
 ~ (0.000003) UPDATE `order_lines` SET `delivery_date` = '2009-12-08 21:13:20' WHERE `id` = 269975
 ~ (0.000003) UPDATE `order_lines` SET `delivery_date` = '2009-12-08 21:13:20' WHERE `id` = 269976
 ~ (0.000003) UPDATE `order_lines` SET `delivery_date` = '2009-12-08 21:13:20' WHERE `id` = 269977
 ~ (0.000004) UPDATE `order_lines` SET `delivery_date` = '2009-12-08 21:13:20' WHERE `id` = 269978
 ~ (0.000004) UPDATE `order_lines` SET `delivery_date` = '2009-12-08 21:13:20' WHERE `id` = 269979
 ~ (0.000003) UPDATE `order_lines` SET `delivery_date` = '2009-12-08 21:13:20' WHERE `id` = 269980
 ~ (0.000007) SELECT `id`, `first`, `middle`, `last`, `street1`, `street2`, `city`, `state`, `zip`, `phone`, `since`, `credit`, `credit_limit`, `discount`, `balance`, `ytd_payments`, `payment_count`, `delivery_count`, `data`, `district_id` FROM `customers` WHERE `id` = 3003 ORDER BY `id` LIMIT 1
 ~ (0.000004) UPDATE `customers` SET `balance` = 50934.1, `delivery_count` = 1 WHERE `id` = 3003
 ~ (0.000004) SELECT `id`, `warehouse_id`, `district_id`, `order_id` FROM `new_orders` WHERE `district_id` = 3 ORDER BY `id` LIMIT 1
 ~ (0.000002) SELECT `id`, `created`, `carrier`, `line_count`, `all_local`, `district_info`, `warehouse_id`, `district_id`, `customer_id` FROM `orders` WHERE `id` = 6015 ORDER BY `id` LIMIT 1
 ~ (0.000004) DELETE FROM `new_orders` WHERE `id` = 2991
 ~ (0.000006) SELECT `id`, `number`, `item_code`, `supply_warehouse_id`, `delivery_date`, `quantity`, `amount`, `district_information`, `order_id`, `warehouse_id`, `district_id`, `stock_id` FROM `order_lines` WHERE `order_id` = 6015 ORDER BY `id`
 ~ (0.000005) UPDATE `orders` SET `carrier` = 7 WHERE `id` = 6015
 ~ (0.000004) UPDATE `order_lines` SET `delivery_date` = '2009-12-08 21:13:20' WHERE `id` = 239851
 ~ (0.000004) UPDATE `order_lines` SET `delivery_date` = '2009-12-08 21:13:20' WHERE `id` = 239852
 ~ (0.000004) UPDATE `order_lines` SET `delivery_date` = '2009-12-08 21:13:20' WHERE `id` = 239853
 ~ (0.000003) UPDATE `order_lines` SET `delivery_date` = '2009-12-08 21:13:20' WHERE `id` = 239854
 ~ (0.000007) UPDATE `order_lines` SET `delivery_date` = '2009-12-08 21:13:20' WHERE `id` = 239855
 ~ (0.000004) UPDATE `order_lines` SET `delivery_date` = '2009-12-08 21:13:20' WHERE `id` = 239856
 ~ (0.000003) UPDATE `order_lines` SET `delivery_date` = '2009-12-08 21:13:20' WHERE `id` = 239857
 ~ (0.000002) UPDATE `order_lines` SET `delivery_date` = '2009-12-08 21:13:20' WHERE `id` = 239858
 ~ (0.000002) UPDATE `order_lines` SET `delivery_date` = '2009-12-08 21:13:20' WHERE `id` = 239859
 ~ (0.000003) UPDATE `order_lines` SET `delivery_date` = '2009-12-08 21:13:20' WHERE `id` = 239860
 ~ (0.000003) SELECT `id`, `first`, `middle`, `last`, `street1`, `street2`, `city`, `state`, `zip`, `phone`, `since`, `credit`, `credit_limit`, `discount`, `balance`, `ytd_payments`, `payment_count`, `delivery_count`, `data`, `district_id` FROM `customers` WHERE `id` = 6015 ORDER BY `id` LIMIT 1
 ~ (0.000004) UPDATE `customers` SET `balance` = 52778.1, `delivery_count` = 1 WHERE `id` = 6015
 ~ (0.000005) SELECT `id`, `warehouse_id`, `district_id`, `order_id` FROM `new_orders` WHERE `district_id` = 4 ORDER BY `id` LIMIT 1
 ~ (0.000003) SELECT `id`, `created`, `carrier`, `line_count`, `all_local`, `district_info`, `warehouse_id`, `district_id`, `customer_id` FROM `orders` WHERE `id` = 9006 ORDER BY `id` LIMIT 1
 ~ (0.000004) DELETE FROM `new_orders` WHERE `id` = 4464
 ~ (0.000005) SELECT `id`, `number`, `item_code`, `supply_warehouse_id`, `delivery_date`, `quantity`, `amount`, `district_information`, `order_id`, `warehouse_id`, `district_id`, `stock_id` FROM `order_lines` WHERE `order_id` = 9006 ORDER BY `id`
 ~ (0.000005) UPDATE `orders` SET `carrier` = 7 WHERE `id` = 9006
 ~ (0.000005) UPDATE `order_lines` SET `delivery_date` = '2009-12-08 21:13:20' WHERE `id` = 209941
 ~ (0.000004) UPDATE `order_lines` SET `delivery_date` = '2009-12-08 21:13:20' WHERE `id` = 209942
 ~ (0.000004) UPDATE `order_lines` SET `delivery_date` = '2009-12-08 21:13:20' WHERE `id` = 209943
 ~ (0.000005) UPDATE `order_lines` SET `delivery_date` = '2009-12-08 21:13:20' WHERE `id` = 209944
 ~ (0.000004) UPDATE `order_lines` SET `delivery_date` = '2009-12-08 21:13:20' WHERE `id` = 209945
 ~ (0.000004) UPDATE `order_lines` SET `delivery_date` = '2009-12-08 21:13:20' WHERE `id` = 209946
 ~ (0.000004) UPDATE `order_lines` SET `delivery_date` = '2009-12-08 21:13:20' WHERE `id` = 209947
 ~ (0.000008) UPDATE `order_lines` SET `delivery_date` = '2009-12-08 21:13:20' WHERE `id` = 209948
 ~ (0.000003) UPDATE `order_lines` SET `delivery_date` = '2009-12-08 21:13:20' WHERE `id` = 209949
 ~ (0.000003) UPDATE `order_lines` SET `delivery_date` = '2009-12-08 21:13:20' WHERE `id` = 209950
 ~ (0.000003) SELECT `id`, `first`, `middle`, `last`, `street1`, `street2`, `city`, `state`, `zip`, `phone`, `since`, `credit`, `credit_limit`, `discount`, `balance`, `ytd_payments`, `payment_count`, `delivery_count`, `data`, `district_id` FROM `customers` WHERE `id` = 9006 ORDER BY `id` LIMIT 1
 ~ (0.000004) UPDATE `customers` SET `balance` = 56544.1, `delivery_count` = 1 WHERE `id` = 9006
 ~ (0.000003) SELECT `id`, `warehouse_id`, `district_id`, `order_id` FROM `new_orders` WHERE `district_id` = 5 ORDER BY `id` LIMIT 1
 ~ (0.000002) SELECT `id`, `created`, `carrier`, `line_count`, `all_local`, `district_info`, `warehouse_id`, `district_id`, `customer_id` FROM `orders` WHERE `id` = 12009 ORDER BY `id` LIMIT 1
 ~ (0.000002) DELETE FROM `new_orders` WHERE `id` = 6011
 ~ (0.000003) SELECT `id`, `number`, `item_code`, `supply_warehouse_id`, `delivery_date`, `quantity`, `amount`, `district_information`, `order_id`, `warehouse_id`, `district_id`, `stock_id` FROM `order_lines` WHERE `order_id` = 12009 ORDER BY `id`
 ~ (0.000004) UPDATE `orders` SET `carrier` = 7 WHERE `id` = 12009
 ~ (0.000003) UPDATE `order_lines` SET `delivery_date` = '2009-12-08 21:13:20' WHERE `id` = 179911
 ~ (0.000003) UPDATE `order_lines` SET `delivery_date` = '2009-12-08 21:13:20' WHERE `id` = 179912
 ~ (0.000003) UPDATE `order_lines` SET `delivery_date` = '2009-12-08 21:13:20' WHERE `id` = 179913
 ~ (0.000003) UPDATE `order_lines` SET `delivery_date` = '2009-12-08 21:13:20' WHERE `id` = 179914
 ~ (0.000003) UPDATE `order_lines` SET `delivery_date` = '2009-12-08 21:13:20' WHERE `id` = 179915
 ~ (0.000003) UPDATE `order_lines` SET `delivery_date` = '2009-12-08 21:13:20' WHERE `id` = 179916
 ~ (0.000004) UPDATE `order_lines` SET `delivery_date` = '2009-12-08 21:13:20' WHERE `id` = 179917
 ~ (0.000003) UPDATE `order_lines` SET `delivery_date` = '2009-12-08 21:13:20' WHERE `id` = 179918
 ~ (0.000003) UPDATE `order_lines` SET `delivery_date` = '2009-12-08 21:13:20' WHERE `id` = 179919
 ~ (0.000003) UPDATE `order_lines` SET `delivery_date` = '2009-12-08 21:13:20' WHERE `id` = 179920
 ~ (0.000002) SELECT `id`, `first`, `middle`, `last`, `street1`, `street2`, `city`, `state`, `zip`, `phone`, `since`, `credit`, `credit_limit`, `discount`, `balance`, `ytd_payments`, `payment_count`, `delivery_count`, `data`, `district_id` FROM `customers` WHERE `id` = 12009 ORDER BY `id` LIMIT 1
 ~ (0.000003) UPDATE `customers` SET `balance` = 50507.1, `delivery_count` = 1 WHERE `id` = 12009
 ~ (0.000006) SELECT `id`, `warehouse_id`, `district_id`, `order_id` FROM `new_orders` WHERE `district_id` = 6 ORDER BY `id` LIMIT 1
 ~ (0.000003) SELECT `id`, `created`, `carrier`, `line_count`, `all_local`, `district_info`, `warehouse_id`, `district_id`, `customer_id` FROM `orders` WHERE `id` = 15005 ORDER BY `id` LIMIT 1
 ~ (0.000004) DELETE FROM `new_orders` WHERE `id` = 7526
 ~ (0.000003) SELECT `id`, `number`, `item_code`, `supply_warehouse_id`, `delivery_date`, `quantity`, `amount`, `district_information`, `order_id`, `warehouse_id`, `district_id`, `stock_id` FROM `order_lines` WHERE `order_id` = 15005 ORDER BY `id`
 ~ (0.000004) UPDATE `orders` SET `carrier` = 7 WHERE `id` = 15005
 ~ (0.000003) UPDATE `order_lines` SET `delivery_date` = '2009-12-08 21:13:20' WHERE `id` = 149951
 ~ (0.000007) UPDATE `order_lines` SET `delivery_date` = '2009-12-08 21:13:20' WHERE `id` = 149952
 ~ (0.000003) UPDATE `order_lines` SET `delivery_date` = '2009-12-08 21:13:20' WHERE `id` = 149953
 ~ (0.000004) UPDATE `order_lines` SET `delivery_date` = '2009-12-08 21:13:20' WHERE `id` = 149954
 ~ (0.000003) UPDATE `order_lines` SET `delivery_date` = '2009-12-08 21:13:20' WHERE `id` = 149955
 ~ (0.000003) UPDATE `order_lines` SET `delivery_date` = '2009-12-08 21:13:20' WHERE `id` = 149956
 ~ (0.000003) UPDATE `order_lines` SET `delivery_date` = '2009-12-08 21:13:20' WHERE `id` = 149957
 ~ (0.000003) UPDATE `order_lines` SET `delivery_date` = '2009-12-08 21:13:20' WHERE `id` = 149958
 ~ (0.000003) UPDATE `order_lines` SET `delivery_date` = '2009-12-08 21:13:20' WHERE `id` = 149959
 ~ (0.000010) UPDATE `order_lines` SET `delivery_date` = '2009-12-08 21:13:20' WHERE `id` = 149960
 ~ (0.000003) SELECT `id`, `first`, `middle`, `last`, `street1`, `street2`, `city`, `state`, `zip`, `phone`, `since`, `credit`, `credit_limit`, `discount`, `balance`, `ytd_payments`, `payment_count`, `delivery_count`, `data`, `district_id` FROM `customers` WHERE `id` = 15005 ORDER BY `id` LIMIT 1
 ~ (0.000003) UPDATE `customers` SET `balance` = 50760.1, `delivery_count` = 1 WHERE `id` = 15005
 ~ (0.000002) SELECT `id`, `warehouse_id`, `district_id`, `order_id` FROM `new_orders` WHERE `district_id` = 7 ORDER BY `id` LIMIT 1
 ~ (0.000003) SELECT `id`, `created`, `carrier`, `line_count`, `all_local`, `district_info`, `warehouse_id`, `district_id`, `customer_id` FROM `orders` WHERE `id` = 18004 ORDER BY `id` LIMIT 1
 ~ (0.000007) DELETE FROM `new_orders` WHERE `id` = 9046
 ~ (0.000003) SELECT `id`, `number`, `item_code`, `supply_warehouse_id`, `delivery_date`, `quantity`, `amount`, `district_information`, `order_id`, `warehouse_id`, `district_id`, `stock_id` FROM `order_lines` WHERE `order_id` = 18004 ORDER BY `id`
 ~ (0.000003) UPDATE `orders` SET `carrier` = 7 WHERE `id` = 18004
 ~ (0.000003) UPDATE `order_lines` SET `delivery_date` = '2009-12-08 21:13:20' WHERE `id` = 119961
 ~ (0.000004) UPDATE `order_lines` SET `delivery_date` = '2009-12-08 21:13:20' WHERE `id` = 119962
 ~ (0.000009) UPDATE `order_lines` SET `delivery_date` = '2009-12-08 21:13:20' WHERE `id` = 119963
 ~ (0.000003) UPDATE `order_lines` SET `delivery_date` = '2009-12-08 21:13:20' WHERE `id` = 119964
 ~ (0.000003) UPDATE `order_lines` SET `delivery_date` = '2009-12-08 21:13:20' WHERE `id` = 119965
 ~ (0.000003) UPDATE `order_lines` SET `delivery_date` = '2009-12-08 21:13:20' WHERE `id` = 119966
 ~ (0.000003) UPDATE `order_lines` SET `delivery_date` = '2009-12-08 21:13:20' WHERE `id` = 119967
 ~ (0.000003) UPDATE `order_lines` SET `delivery_date` = '2009-12-08 21:13:20' WHERE `id` = 119968
 ~ (0.000003) UPDATE `order_lines` SET `delivery_date` = '2009-12-08 21:13:20' WHERE `id` = 119969
 ~ (0.000003) UPDATE `order_lines` SET `delivery_date` = '2009-12-08 21:13:20' WHERE `id` = 119970
 ~ (0.000003) SELECT `id`, `first`, `middle`, `last`, `street1`, `street2`, `city`, `state`, `zip`, `phone`, `since`, `credit`, `credit_limit`, `discount`, `balance`, `ytd_payments`, `payment_count`, `delivery_count`, `data`, `district_id` FROM `customers` WHERE `id` = 18004 ORDER BY `id` LIMIT 1
 ~ (0.000004) UPDATE `customers` SET `balance` = 44467.1, `delivery_count` = 1 WHERE `id` = 18004
 ~ (0.000004) SELECT `id`, `warehouse_id`, `district_id`, `order_id` FROM `new_orders` WHERE `district_id` = 8 ORDER BY `id` LIMIT 1
 ~ (0.000004) SELECT `id`, `created`, `carrier`, `line_count`, `all_local`, `district_info`, `warehouse_id`, `district_id`, `customer_id` FROM `orders` WHERE `id` = 21008 ORDER BY `id` LIMIT 1
 ~ (0.000004) DELETE FROM `new_orders` WHERE `id` = 10564
 ~ (0.000008) SELECT `id`, `number`, `item_code`, `supply_warehouse_id`, `delivery_date`, `quantity`, `amount`, `district_information`, `order_id`, `warehouse_id`, `district_id`, `stock_id` FROM `order_lines` WHERE `order_id` = 21008 ORDER BY `id`
 ~ (0.000010) UPDATE `orders` SET `carrier` = 7 WHERE `id` = 21008
 ~ (0.000004) UPDATE `order_lines` SET `delivery_date` = '2009-12-08 21:13:20' WHERE `id` = 89921
 ~ (0.000003) UPDATE `order_lines` SET `delivery_date` = '2009-12-08 21:13:20' WHERE `id` = 89922
 ~ (0.000003) UPDATE `order_lines` SET `delivery_date` = '2009-12-08 21:13:20' WHERE `id` = 89923
 ~ (0.000003) UPDATE `order_lines` SET `delivery_date` = '2009-12-08 21:13:20' WHERE `id` = 89924
 ~ (0.000003) UPDATE `order_lines` SET `delivery_date` = '2009-12-08 21:13:20' WHERE `id` = 89925
 ~ (0.000003) UPDATE `order_lines` SET `delivery_date` = '2009-12-08 21:13:20' WHERE `id` = 89926
 ~ (0.000003) UPDATE `order_lines` SET `delivery_date` = '2009-12-08 21:13:20' WHERE `id` = 89927
 ~ (0.000003) UPDATE `order_lines` SET `delivery_date` = '2009-12-08 21:13:20' WHERE `id` = 89928
 ~ (0.000003) UPDATE `order_lines` SET `delivery_date` = '2009-12-08 21:13:20' WHERE `id` = 89929
 ~ (0.000003) UPDATE `order_lines` SET `delivery_date` = '2009-12-08 21:13:20' WHERE `id` = 89930
 ~ (0.000003) SELECT `id`, `first`, `middle`, `last`, `street1`, `street2`, `city`, `state`, `zip`, `phone`, `since`, `credit`, `credit_limit`, `discount`, `balance`, `ytd_payments`, `payment_count`, `delivery_count`, `data`, `district_id` FROM `customers` WHERE `id` = 21008 ORDER BY `id` LIMIT 1
 ~ (0.000003) UPDATE `customers` SET `balance` = 58251.1, `delivery_count` = 1 WHERE `id` = 21008
 ~ (0.000003) SELECT `id`, `warehouse_id`, `district_id`, `order_id` FROM `new_orders` WHERE `district_id` = 9 ORDER BY `id` LIMIT 1
 ~ (0.000002) SELECT `id`, `created`, `carrier`, `line_count`, `all_local`, `district_info`, `warehouse_id`, `district_id`, `customer_id` FROM `orders` WHERE `id` = 24006 ORDER BY `id` LIMIT 1
 ~ (0.000002) DELETE FROM `new_orders` WHERE `id` = 12065
 ~ (0.000003) SELECT `id`, `number`, `item_code`, `supply_warehouse_id`, `delivery_date`, `quantity`, `amount`, `district_information`, `order_id`, `warehouse_id`, `district_id`, `stock_id` FROM `order_lines` WHERE `order_id` = 24006 ORDER BY `id`
 ~ (0.000004) UPDATE `orders` SET `carrier` = 7 WHERE `id` = 24006
 ~ (0.000004) UPDATE `order_lines` SET `delivery_date` = '2009-12-08 21:13:20' WHERE `id` = 59941
 ~ (0.000003) UPDATE `order_lines` SET `delivery_date` = '2009-12-08 21:13:20' WHERE `id` = 59942
 ~ (0.000003) UPDATE `order_lines` SET `delivery_date` = '2009-12-08 21:13:20' WHERE `id` = 59943
 ~ (0.000003) UPDATE `order_lines` SET `delivery_date` = '2009-12-08 21:13:20' WHERE `id` = 59944
 ~ (0.000004) UPDATE `order_lines` SET `delivery_date` = '2009-12-08 21:13:20' WHERE `id` = 59945
 ~ (0.000004) UPDATE `order_lines` SET `delivery_date` = '2009-12-08 21:13:20' WHERE `id` = 59946
 ~ (0.000002) UPDATE `order_lines` SET `delivery_date` = '2009-12-08 21:13:20' WHERE `id` = 59947
 ~ (0.000003) UPDATE `order_lines` SET `delivery_date` = '2009-12-08 21:13:20' WHERE `id` = 59948
 ~ (0.000003) UPDATE `order_lines` SET `delivery_date` = '2009-12-08 21:13:20' WHERE `id` = 59949
 ~ (0.000002) UPDATE `order_lines` SET `delivery_date` = '2009-12-08 21:13:20' WHERE `id` = 59950
 ~ (0.000004) SELECT `id`, `first`, `middle`, `last`, `street1`, `street2`, `city`, `state`, `zip`, `phone`, `since`, `credit`, `credit_limit`, `discount`, `balance`, `ytd_payments`, `payment_count`, `delivery_count`, `data`, `district_id` FROM `customers` WHERE `id` = 24006 ORDER BY `id` LIMIT 1
 ~ (0.000003) UPDATE `customers` SET `balance` = 54824.1, `delivery_count` = 1 WHERE `id` = 24006
 ~ (0.000003) SELECT `id`, `warehouse_id`, `district_id`, `order_id` FROM `new_orders` WHERE `district_id` = 10 ORDER BY `id` LIMIT 1
 ~ (0.000002) SELECT `id`, `created`, `carrier`, `line_count`, `all_local`, `district_info`, `warehouse_id`, `district_id`, `customer_id` FROM `orders` WHERE `id` = 27004 ORDER BY `id` LIMIT 1
 ~ (0.000002) DELETE FROM `new_orders` WHERE `id` = 13572
 ~ (0.000003) SELECT `id`, `number`, `item_code`, `supply_warehouse_id`, `delivery_date`, `quantity`, `amount`, `district_information`, `order_id`, `warehouse_id`, `district_id`, `stock_id` FROM `order_lines` WHERE `order_id` = 27004 ORDER BY `id`
 ~ (0.000006) UPDATE `orders` SET `carrier` = 7 WHERE `id` = 27004
 ~ (0.000003) UPDATE `order_lines` SET `delivery_date` = '2009-12-08 21:13:20' WHERE `id` = 29961
 ~ (0.000003) UPDATE `order_lines` SET `delivery_date` = '2009-12-08 21:13:20' WHERE `id` = 29962
 ~ (0.000003) UPDATE `order_lines` SET `delivery_date` = '2009-12-08 21:13:20' WHERE `id` = 29963
 ~ (0.000003) UPDATE `order_lines` SET `delivery_date` = '2009-12-08 21:13:20' WHERE `id` = 29964
 ~ (0.000003) UPDATE `order_lines` SET `delivery_date` = '2009-12-08 21:13:20' WHERE `id` = 29965
 ~ (0.000003) UPDATE `order_lines` SET `delivery_date` = '2009-12-08 21:13:20' WHERE `id` = 29966
 ~ (0.000004) UPDATE `order_lines` SET `delivery_date` = '2009-12-08 21:13:20' WHERE `id` = 29967
 ~ (0.000004) UPDATE `order_lines` SET `delivery_date` = '2009-12-08 21:13:20' WHERE `id` = 29968
 ~ (0.000003) UPDATE `order_lines` SET `delivery_date` = '2009-12-08 21:13:20' WHERE `id` = 29969
 ~ (0.000007) UPDATE `order_lines` SET `delivery_date` = '2009-12-08 21:13:20' WHERE `id` = 29970
 ~ (0.000002) SELECT `id`, `first`, `middle`, `last`, `street1`, `street2`, `city`, `state`, `zip`, `phone`, `since`, `credit`, `credit_limit`, `discount`, `balance`, `ytd_payments`, `payment_count`, `delivery_count`, `data`, `district_id` FROM `customers` WHERE `id` = 27004 ORDER BY `id` LIMIT 1
 ~ (0.000003) UPDATE `customers` SET `balance` = 50845.1, `delivery_count` = 1 WHERE `id` = 27004
Stock Level: 
 ~ (0.000003) SELECT COUNT(*) FROM `warehouses`
 ~ (0.000002) SELECT `id`, `name`, `street1`, `street2`, `city`, `state`, `zip`, `tax`, `ytd` FROM `warehouses` ORDER BY `id` LIMIT 1
 ~ (0.000008) SELECT COUNT(*) FROM `districts` WHERE `warehouse_id` = 1
 ~ (0.000003) SELECT `id`, `name`, `street1`, `street2`, `city`, `state`, `zip`, `tax`, `ytd`, `next_order_number`, `warehouse_id` FROM `districts` WHERE `warehouse_id` = 1 ORDER BY `id` LIMIT 1 OFFSET 6
 ~ (0.000004) SELECT `id` FROM `orders` WHERE `district_id` = 7 ORDER BY `created` DESC LIMIT 20
 ~ (0.000004) SELECT `id`, `number`, `item_code`, `supply_warehouse_id`, `delivery_date`, `quantity`, `amount`, `district_information`, `order_id`, `warehouse_id`, `district_id`, `stock_id` FROM `order_lines` WHERE `order_id` IN (20964, 20965, 20966, 20967, 20968, 20969, 20970, 20971, 20972, 20973, 20974, 20975, 20976, 20977, 20978, 20979, 20980, 20981, 20982, 20983) ORDER BY `id`
 ~ (0.000004) SELECT `id`, `created`, `carrier`, `line_count`, `all_local`, `district_info`, `warehouse_id`, `district_id`, `customer_id` FROM `orders` WHERE `district_id` = 7 ORDER BY `created` DESC LIMIT 20
 ~ (0.000006) SELECT `id`, `quantity`, `district_01`, `district_02`, `district_03`, `district_04`, `district_05`, `district_06`, `district_07`, `district_08`, `district_09`, `district_10`, `ytd`, `order_count`, `remote_count`, `data`, `item_id`, `warehouse_id` FROM `stocks` WHERE `id` IN (30057, 30058, 30059, 30060, 30061, 30062, 30063, 30064, 30065, 30066, 30067, 30068, 30069, 30070, 30071, 30072, 30073, 30074, 30075, 30076, 30077, 30078, 30079, 30080, 30081, 30082, 30083, 30084, 30085, 30086, 30087, 30088, 30089, 30090, 30091, 30092, 30093, 30094, 30095, 30096, 30097, 30098, 30099, 30100, 30101, 30102, 30103, 30104, 30105, 30106, 30107, 30108, 30109, 30110, 30111, 30112, 30113, 30114, 30115, 30116, 30117, 30118, 30119, 30120, 30121, 30122, 30123, 30124) ORDER BY `id`
